#
# There is insufficient memory for the Java Runtime Environment to continue.
# Native memory allocation (malloc) failed to allocate 1048576 bytes for AllocateHeap
# Possible reasons:
#   The system is out of physical RAM or swap space
#   The process is running with CompressedOops enabled, and the Java Heap may be blocking the growth of the native heap
# Possible solutions:
#   Reduce memory load on the system
#   Increase physical memory or swap space
#   Check if swap backing store is full
#   Decrease Java heap size (-Xmx/-Xms)
#   Decrease number of Java threads
#   Decrease Java thread stack sizes (-Xss)
#   Set larger code cache with -XX:ReservedCodeCacheSize=
#   JVM is running with Unscaled Compressed Oops mode in which the Java heap is
#     placed in the first 4GB address space. The Java Heap base address is the
#     maximum limit for the native heap growth. Please use -XX:HeapBaseMinAddress
#     to set the Java Heap base and to place the Java Heap above 4GB virtual address.
# This output file may be truncated or incomplete.
#
#  Out of Memory Error (memory/allocation.inline.hpp:61), pid=15060, tid=0x00000000000025d8
#
# JRE version:  (8.0_242-b01) (build )
# Java VM: OpenJDK 64-Bit Server VM (25.242-b01 mixed mode windows-amd64 compressed oops)
# Failed to write core dump. Minidumps are not enabled by default on client versions of Windows
#

---------------  T H R E A D  ---------------

Current thread (0x0000000002702800):  JavaThread "Unknown thread" [_thread_in_vm, id=9688, stack(0x0000000002600000,0x0000000002700000)]

Stack: [0x0000000002600000,0x0000000002700000]
[error occurred during error reporting (printing stack bounds), id 0xc0000005]

Native frames: (J=compiled Java code, j=interpreted, Vv=VM code, C=native code)


---------------  P R O C E S S  ---------------

Java Threads: ( => current thread )

Other Threads:

=>0x0000000002702800 (exited) JavaThread "Unknown thread" [_thread_in_vm, id=9688, stack(0x0000000002600000,0x0000000002700000)]

VM state:not at safepoint (normal execution)

VM Mutex/Monitor currently owned by a thread: None

heap address: 0x0000000081c00000, size: 2020 MB, Compressed Oops mode: 32-bit
Narrow klass base: 0x0000000000000000, Narrow klass shift: 3
Compressed class space size: 1073741824 Address: 0x0000000100000000

Heap:
 PSYoungGen      total 38400K, used 665K [0x00000000d5f00000, 0x00000000d8980000, 0x0000000100000000)
  eden space 33280K, 2% used [0x00000000d5f00000,0x00000000d5fa6670,0x00000000d7f80000)
  from space 5120K, 0% used [0x00000000d8480000,0x00000000d8480000,0x00000000d8980000)
  to   space 5120K, 0% used [0x00000000d7f80000,0x00000000d7f80000,0x00000000d8480000)
 ParOldGen       total 87552K, used 0K [0x0000000081c00000, 0x0000000087180000, 0x00000000d5f00000)
  object space 87552K, 0% used [0x0000000081c00000,0x0000000081c00000,0x0000000087180000)
 Metaspace       used 779K, capacity 4480K, committed 4480K, reserved 1056768K
  class space    used 74K, capacity 384K, committed 384K, reserved 1048576K

Card table byte_map: [0x0000000011bc0000,0x0000000011fc0000] byte_map_base: 0x00000000117b2000

Marking Bits: (ParMarkBitMap*) 0x000000005b34f030
 Begin Bits: [0x0000000012670000, 0x0000000014600000)
 End Bits:   [0x0000000014600000, 0x0000000016590000)

Polling page: 0x00000000005f0000

CodeCache: size=245760Kb used=328Kb max_used=328Kb free=245431Kb
 bounds [0x0000000002800000, 0x0000000002a70000, 0x0000000011800000]
 total_blobs=57 nmethods=0 adapters=38
 compilation: enabled

Compilation events (0 events):
No events

GC Heap History (0 events):
No events

Deoptimization events (0 events):
No events

Classes redefined (0 events):
No events

Internal exceptions (0 events):
No events

Events (10 events):
Event: 0.029 loading class java/lang/Short
Event: 0.029 loading class java/lang/Short done
Event: 0.029 loading class java/lang/Integer
Event: 0.030 loading class java/lang/Integer done
Event: 0.030 loading class java/lang/Long
Event: 0.030 loading class java/lang/Long done
Event: 0.031 loading class java/lang/NullPointerException
Event: 0.031 loading class java/lang/NullPointerException done
Event: 0.031 loading class java/lang/ArithmeticException
Event: 0.031 loading class java/lang/ArithmeticException done


Dynamic libraries:
0x00007ff66c800000 - 0x00007ff66c831000 	C:\Program Files\Android\Android Studio\jre\jre\bin\java.exe
0x00007ffcbd7a0000 - 0x00007ffcbd990000 	C:\Windows\SYSTEM32\ntdll.dll
0x00007ffcbc810000 - 0x00007ffcbc8c2000 	C:\Windows\System32\KERNEL32.DLL
0x00007ffcbab40000 - 0x00007ffcbade3000 	C:\Windows\System32\KERNELBASE.dll
0x00007ffcbd340000 - 0x00007ffcbd3e3000 	C:\Windows\System32\ADVAPI32.dll
0x00007ffcbba50000 - 0x00007ffcbbaee000 	C:\Windows\System32\msvcrt.dll
0x00007ffcbc770000 - 0x00007ffcbc807000 	C:\Windows\System32\sechost.dll
0x00007ffcbc650000 - 0x00007ffcbc770000 	C:\Windows\System32\RPCRT4.dll
0x00007ffcbb8b0000 - 0x00007ffcbba44000 	C:\Windows\System32\USER32.dll
0x00007ffcba730000 - 0x00007ffcba751000 	C:\Windows\System32\win32u.dll
0x00007ffcbc930000 - 0x00007ffcbc956000 	C:\Windows\System32\GDI32.dll
0x00007ffcba900000 - 0x00007ffcbaa94000 	C:\Windows\System32\gdi32full.dll
0x00007ffcbaaa0000 - 0x00007ffcbab3e000 	C:\Windows\System32\msvcp_win.dll
0x00007ffcbb730000 - 0x00007ffcbb82a000 	C:\Windows\System32\ucrtbase.dll
0x00007ffca8540000 - 0x00007ffca87c5000 	C:\Windows\WinSxS\amd64_microsoft.windows.common-controls_6595b64144ccf1df_6.0.18362.778_none_e6c6b761130d4fb8\COMCTL32.dll
0x00007ffcbcf50000 - 0x00007ffcbd286000 	C:\Windows\System32\combase.dll
0x00007ffcbae50000 - 0x00007ffcbaed0000 	C:\Windows\System32\bcryptPrimitives.dll
0x00007ffcbd310000 - 0x00007ffcbd33e000 	C:\Windows\System32\IMM32.DLL
0x0000000057950000 - 0x0000000057a22000 	C:\Program Files\Android\Android Studio\jre\jre\bin\msvcr100.dll
0x000000005ab80000 - 0x000000005b3cb000 	C:\Program Files\Android\Android Studio\jre\jre\bin\server\jvm.dll
0x00007ffcbc960000 - 0x00007ffcbc968000 	C:\Windows\System32\PSAPI.DLL
0x00007ffca6bc0000 - 0x00007ffca6bc9000 	C:\Windows\SYSTEM32\WSOCK32.dll
0x00007ffcbcaf0000 - 0x00007ffcbcb5f000 	C:\Windows\System32\WS2_32.dll
0x00007ffcb7bb0000 - 0x00007ffcb7bd4000 	C:\Windows\SYSTEM32\WINMM.dll
0x00007ffcb49f0000 - 0x00007ffcb49fa000 	C:\Windows\SYSTEM32\VERSION.dll
0x00007ffcb7b80000 - 0x00007ffcb7bad000 	C:\Windows\SYSTEM32\winmmbase.dll
0x00007ffcba760000 - 0x00007ffcba7aa000 	C:\Windows\System32\cfgmgr32.dll
0x00007ffcb69a0000 - 0x00007ffcb69af000 	C:\Program Files\Android\Android Studio\jre\jre\bin\verify.dll
0x00007ffcb1050000 - 0x00007ffcb1079000 	C:\Program Files\Android\Android Studio\jre\jre\bin\java.dll
0x00007ffcb6980000 - 0x00007ffcb6996000 	C:\Program Files\Android\Android Studio\jre\jre\bin\zip.dll

VM Arguments:
java_command: org.jetbrains.git4idea.http.GitAskPassApp Username for 'https://github.com': 
java_class_path (initial): C:/Program Files/Android/Android Studio/plugins/git4idea/lib/git4idea-rt.jar;C:/Program Files/Android/Android Studio/lib/xmlrpc-2.0.1.jar;C:/Program Files/Android/Android Studio/lib/commons-codec-1.13.jar;C:/Program Files/Android/Android Studio/lib/util.jar
Launcher Type: SUN_STANDARD

Environment Variables:
JAVA_HOME=C:\Program Files\Amazon Corretto\jdk11.0.7_10
CLASSPATH=D:\FAX\bazi\sqldeveloper\jdbc\lib\ojdbc8.jar
PATH=C:\Program Files\Git\mingw64\libexec\git-core;C:\Program Files\Git\mingw64\libexec\git-core;C:\Program Files\Git\mingw64\bin;C:\Program Files\Git\usr\bin;C:\Users\Kristijan\bin;C:\Program Files\Amazon Corretto\jdk11.0.7_10\bin;C:\Program Files (x86)\Common Files\Oracle\Java\javapath;C:\Windows\system32;C:\Windows;C:\Windows\System32\Wbem;C:\Windows\System32\WindowsPowerShell\v1.0;C:\Windows\System32\OpenSSH;C:\Program Files\Git\cmd;C:\ProgramCC\Files;C:\Users\Kristijan\AppData\Local\Programs\Python\Python38-32;C:\Program Files (x86)\NVIDIA Corporation\PhysX\Common;C:\Program Files\NVIDIA Corporation\NVIDIA NvDLISR;C:\Users\Kristijan\AppData\Local\Microsoft\WindowsApps
USERNAME=Kristijan
DISPLAY=:0.0
OS=Windows_NT
PROCESSOR_IDENTIFIER=Intel64 Family 6 Model 142 Stepping 9, GenuineIntel



---------------  S Y S T E M  ---------------

OS: Windows 10.0 , 64 bit Build 18362 (10.0.18362.778)

CPU:total 4 (initial active 4) (2 cores per cpu, 2 threads per core) family 6 model 142 stepping 9, cmov, cx8, fxsr, mmx, sse, sse2, sse3, ssse3, sse4.1, sse4.2, popcnt, avx, avx2, aes, clmul, erms, 3dnowpref, lzcnt, ht, tsc, tscinvbit, bmi1, bmi2, adx

Memory: 4k page, physical 8267188k(464348k free), swap 26334640k(5896k free)

vm_info: OpenJDK 64-Bit Server VM (25.242-b01) for windows-amd64 JRE (1.8.0_242-release-1644-b01), built by "builder" with MS VC++ 10.0 (VS2010)

time: Thu Jul 16 21:44:59 2020
timezone: Russia TZ 2 Standard Time
elapsed time: 0 seconds (0d 0h 0m 0s)

